2024-11-25 20:51:57,045 - crypto_tracker_logger - logger.py - INFO - Raw AppleScript output: Shr00m/SOL|solana|6u49ry6c3lccerxrk5ryejbvqn9hsfr9xkwtdmp19evn,Finance/SOL|solana|dhzeeks4nr1rqmxrl4fzctmfvnxugsvtvqrmgth2jl9z,ByeGary/WETH|base|0xbc96cccf0ebb14ad150d358460d03c79b2b90d8a,DREAM/WETH|base|0xa60e4edd7428bfd10eb3f7fd8db1f9ab5b9929d5,HIMGAJIRA/SOL|solana|jeayumhsmob8y9k9bvncfud1s59mfyqvlfqw1grbtxye,click/SOL|solana|4kwas5ocsxcgj4nt5tj2j2szj6awpgp9l439aceus2ax,Wokie/VIRTUAL|base|0x6db6986e1e7f0926bdd066dc8337fb1e6463fd34,WOW/WETH|base|0x2007255830b907533fd615a038e2735840c0003f,HER/WETH|base|0xb3ced0b806e7b5ab871be8f60bc2d22c297fbd53,TYBG/WETH|base|0xf65bb528ced09008603509c3fda43e1ccfddf935,BYTE/VIRTUAL|base|0xfee2987cc3b80c9ad98b2cd9c83e82f39f242c97,SAINT/VIRTUAL|base|0x93d65a935e7c0f1aa153780e0db3ad08b9448c89,VIBES/WETH|base|0x3ea904424f0b05d6622e1b64f087821146bf5007,PUBLIUS/WETH|base|0x6cbcc650ac3d287bad441f8fcce19ab9cd66c3d5,AIXBT/VIRTUAL|None|None,GAMBLE/SOL|None|None,SKITTLES|None|None,MISATO/WETH|None|None,GRIFT/SOL|None|None,NSC/SOL|None|None,Vbuck/sol|None|None,ANIME/WETH|None|None,???/WETH|base|0xffaeb3008a1b408ca7816d9d5dcd1060898d59e4,
2024-11-25 20:51:57,046 - crypto_tracker_logger - logger.py - INFO - Fetching prices for CoinMetadata(coin='Shr00m/SOL', chain='solana', pair_address='6u49ry6c3lccerxrk5ryejbvqn9hsfr9xkwtdmp19evn')
2024-11-25 20:51:57,360 - crypto_tracker_logger - logger.py - INFO - Current price 0.001500
2024-11-25 20:51:57,768 - crypto_tracker_logger - logger.py - INFO - Successfully updated price for Shr00m/SOL
2024-11-25 20:51:58,769 - crypto_tracker_logger - logger.py - INFO - Fetching prices for CoinMetadata(coin='Finance/SOL', chain='solana', pair_address='dhzeeks4nr1rqmxrl4fzctmfvnxugsvtvqrmgth2jl9z')
2024-11-25 20:51:58,987 - crypto_tracker_logger - logger.py - INFO - Current price 0.00004095
2024-11-25 20:51:59,341 - crypto_tracker_logger - logger.py - INFO - Successfully updated price for Finance/SOL
2024-11-25 20:52:00,342 - crypto_tracker_logger - logger.py - INFO - Fetching prices for CoinMetadata(coin='ByeGary/WETH', chain='base', pair_address='0xbc96cccf0ebb14ad150d358460d03c79b2b90d8a')
2024-11-25 20:52:00,560 - crypto_tracker_logger - logger.py - INFO - Current price 0.00002584
2024-11-25 20:52:00,740 - crypto_tracker_logger - logger.py - INFO - Successfully updated price for ByeGary/WETH
2024-11-25 20:52:01,746 - crypto_tracker_logger - logger.py - INFO - Fetching prices for CoinMetadata(coin='DREAM/WETH', chain='base', pair_address='0xa60e4edd7428bfd10eb3f7fd8db1f9ab5b9929d5')
2024-11-25 20:52:03,905 - crypto_tracker_logger - logger.py - INFO - Current price 0.002685
2024-11-25 20:52:04,326 - crypto_tracker_logger - logger.py - INFO - Successfully updated price for DREAM/WETH
2024-11-25 20:52:05,329 - crypto_tracker_logger - logger.py - INFO - Fetching prices for CoinMetadata(coin='HIMGAJIRA/SOL', chain='solana', pair_address='jeayumhsmob8y9k9bvncfud1s59mfyqvlfqw1grbtxye')
2024-11-25 20:52:05,582 - crypto_tracker_logger - logger.py - INFO - Current price 0.00002113
2024-11-25 20:52:05,765 - crypto_tracker_logger - logger.py - INFO - Successfully updated price for HIMGAJIRA/SOL
2024-11-25 20:52:06,770 - crypto_tracker_logger - logger.py - INFO - Fetching prices for CoinMetadata(coin='click/SOL', chain='solana', pair_address='4kwas5ocsxcgj4nt5tj2j2szj6awpgp9l439aceus2ax')
2024-11-25 20:52:06,998 - crypto_tracker_logger - logger.py - INFO - Current price 0.00001392
2024-11-25 20:52:07,185 - crypto_tracker_logger - logger.py - INFO - Successfully updated price for click/SOL
2024-11-25 20:52:08,188 - crypto_tracker_logger - logger.py - INFO - Fetching prices for CoinMetadata(coin='Wokie/VIRTUAL', chain='base', pair_address='0x6db6986e1e7f0926bdd066dc8337fb1e6463fd34')
2024-11-25 20:52:08,435 - crypto_tracker_logger - logger.py - INFO - Current price 0.0002285
2024-11-25 20:52:08,690 - crypto_tracker_logger - logger.py - INFO - Successfully updated price for Wokie/VIRTUAL
2024-11-25 20:52:09,695 - crypto_tracker_logger - logger.py - INFO - Fetching prices for CoinMetadata(coin='WOW/WETH', chain='base', pair_address='0x2007255830b907533fd615a038e2735840c0003f')
2024-11-25 20:52:09,938 - crypto_tracker_logger - logger.py - INFO - Current price 0.0009305
2024-11-25 20:52:10,167 - crypto_tracker_logger - logger.py - INFO - Successfully updated price for WOW/WETH
2024-11-25 20:52:11,171 - crypto_tracker_logger - logger.py - INFO - Fetching prices for CoinMetadata(coin='HER/WETH', chain='base', pair_address='0xb3ced0b806e7b5ab871be8f60bc2d22c297fbd53')
2024-11-25 20:52:11,429 - crypto_tracker_logger - logger.py - INFO - Current price 0.00005659
2024-11-25 20:52:11,643 - crypto_tracker_logger - logger.py - INFO - Successfully updated price for HER/WETH
2024-11-25 20:52:12,648 - crypto_tracker_logger - logger.py - INFO - Fetching prices for CoinMetadata(coin='TYBG/WETH', chain='base', pair_address='0xf65bb528ced09008603509c3fda43e1ccfddf935')
2024-11-25 20:52:12,897 - crypto_tracker_logger - logger.py - INFO - Current price 0.0001937
2024-11-25 20:52:13,253 - crypto_tracker_logger - logger.py - INFO - Successfully updated price for TYBG/WETH
2024-11-25 20:52:14,261 - crypto_tracker_logger - logger.py - INFO - Fetching prices for CoinMetadata(coin='BYTE/VIRTUAL', chain='base', pair_address='0xfee2987cc3b80c9ad98b2cd9c83e82f39f242c97')
